{"numTotalTestSuites":4,"numPassedTestSuites":4,"numFailedTestSuites":0,"numPendingTestSuites":0,"numTotalTests":7,"numPassedTests":7,"numFailedTests":0,"numPendingTests":0,"numTodoTests":0,"snapshot":{"added":0,"failure":false,"filesAdded":0,"filesRemoved":0,"filesRemovedList":[],"filesUnmatched":0,"filesUpdated":0,"matched":0,"total":0,"unchecked":0,"uncheckedKeysByFile":[],"unmatched":0,"updated":0,"didUpdate":false},"startTime":1776373080050,"success":true,"testResults":[{"assertionResults":[{"ancestorTitles":["AdminDashboard"],"fullName":"AdminDashboard renders pending user data passed into the table","status":"passed","title":"renders pending user data passed into the table","duration":104.6742499999998,"failureMessages":[],"meta":{},"tags":[]},{"ancestorTitles":["AdminDashboard"],"fullName":"AdminDashboard marks users pending for 14 days or more with a warning icon and red row styling","status":"passed","title":"marks users pending for 14 days or more with a warning icon and red row styling","duration":5.300875000000133,"failureMessages":[],"meta":{},"tags":[]},{"ancestorTitles":["AdminDashboard"],"fullName":"AdminDashboard successfully searches for a user","status":"passed","title":"successfully searches for a user","duration":17.546582999999828,"failureMessages":[],"meta":{},"tags":[]},{"ancestorTitles":["AdminDashboard"],"fullName":"AdminDashboard unsuccessfully searches for a user","status":"passed","title":"unsuccessfully searches for a user","duration":10.41775000000007,"failureMessages":[],"meta":{},"tags":[]}],"startTime":1776373081145,"endTime":1776373081282.4177,"status":"passed","message":"","name":"/Users/brigiddonaghy/Desktop/DIVAS-in-Tech/src/__tests__/admindash.test.js"},{"assertionResults":[{"ancestorTitles":["ContactPage"],"fullName":"ContactPage renders the contact form fields name, topic, email, and message","status":"passed","title":"renders the contact form fields name, topic, email, and message","duration":87.28370800000016,"failureMessages":[],"meta":{},"tags":[]},{"ancestorTitles":["ContactPage"],"fullName":"ContactPage marks the required fields as required","status":"passed","title":"marks the required fields as required","duration":4.653540999999905,"failureMessages":[],"meta":{},"tags":[]},{"ancestorTitles":["ContactPage"],"fullName":"ContactPage allows user to fill out the form","status":"passed","title":"allows user to fill out the form","duration":5.648541000000023,"failureMessages":[],"meta":{},"tags":[]}],"startTime":1776373081120,"endTime":1776373081217.6484,"status":"passed","message":"","name":"/Users/brigiddonaghy/Desktop/DIVAS-in-Tech/src/__tests__/contact.test.js"}]}