{"numTotalTestSuites":2,"numPassedTestSuites":0,"numFailedTestSuites":2,"numPendingTestSuites":0,"numTotalTests":16,"numPassedTests":13,"numFailedTests":3,"numPendingTests":0,"numTodoTests":0,"snapshot":{"added":0,"failure":false,"filesAdded":0,"filesRemoved":0,"filesRemovedList":[],"filesUnmatched":0,"filesUpdated":0,"matched":0,"total":0,"unchecked":0,"uncheckedKeysByFile":[],"unmatched":0,"updated":0,"didUpdate":false},"startTime":1777825111918,"success":false,"testResults":[{"assertionResults":[{"ancestorTitles":["AdminDashboard"],"fullName":"AdminDashboard renders pending user data passed into the table","status":"passed","title":"renders pending user data passed into the table","duration":240.72783299999992,"failureMessages":[],"meta":{},"tags":[]},{"ancestorTitles":["AdminDashboard"],"fullName":"AdminDashboard marks users pending for 14 days or more with a warning icon and red row styling","status":"failed","title":"marks users pending for 14 days or more with a warning icon and red row styling","duration":1026.851375,"failureMessages":["Error: Found multiple elements with the text of: /account pending for more than 14 days/i\n\nHere are the matching elements:\n\nIgnored nodes: comments, script, style\n\u001b[36m<svg\u001b[39m\n  \u001b[33maria-label\u001b[39m=\u001b[32m\"Account pending for more than 14 days\"\u001b[39m\n  \u001b[33mclass\u001b[39m=\u001b[32m\"lucide lucide-triangle-alert h-4 w-4 text-red-600\"\u001b[39m\n  \u001b[33mfill\u001b[39m=\u001b[32m\"none\"\u001b[39m\n  \u001b[33mheight\u001b[39m=\u001b[32m\"24\"\u001b[39m\n  \u001b[33mstroke\u001b[39m=\u001b[32m\"currentColor\"\u001b[39m\n  \u001b[33mstroke-linecap\u001b[39m=\u001b[32m\"round\"\u001b[39m\n  \u001b[33mstroke-linejoin\u001b[39m=\u001b[32m\"round\"\u001b[39m\n  \u001b[33mstroke-width\u001b[39m=\u001b[32m\"2\"\u001b[39m\n  \u001b[33mviewBox\u001b[39m=\u001b[32m\"0 0 24 24\"\u001b[39m\n  \u001b[33mwidth\u001b[39m=\u001b[32m\"24\"\u001b[39m\n  \u001b[33mxmlns\u001b[39m=\u001b[32m\"http://www.w3.org/2000/svg\"\u001b[39m\n\u001b[36m>\u001b[39m\n  \u001b[36m<path\u001b[39m\n    \u001b[33md\u001b[39m=\u001b[32m\"m21.73 18-8-14a2 2 0 0 0-3.48 0l-8 14A2 2 0 0 0 4 21h16a2 2 0 0 0 1.73-3\"\u001b[39m\n  \u001b[36m/>\u001b[39m\n  \u001b[36m<path\u001b[39m\n    \u001b[33md\u001b[39m=\u001b[32m\"M12 9v4\"\u001b[39m\n  \u001b[36m/>\u001b[39m\n  \u001b[36m<path\u001b[39m\n    \u001b[33md\u001b[39m=\u001b[32m\"M12 17h.01\"\u001b[39m\n  \u001b[36m/>\u001b[39m\n\u001b[36m</svg>\u001b[39m\n\nIgnored nodes: comments, script, style\n\u001b[36m<svg\u001b[39m\n  \u001b[33maria-label\u001b[39m=\u001b[32m\"Account pending for more than 14 days\"\u001b[39m\n  \u001b[33mclass\u001b[39m=\u001b[32m\"lucide lucide-triangle-alert h-4 w-4 text-red-600\"\u001b[39m\n  \u001b[33mfill\u001b[39m=\u001b[32m\"none\"\u001b[39m\n  \u001b[33mheight\u001b[39m=\u001b[32m\"24\"\u001b[39m\n  \u001b[33mstroke\u001b[39m=\u001b[32m\"currentColor\"\u001b[39m\n  \u001b[33mstroke-linecap\u001b[39m=\u001b[32m\"round\"\u001b[39m\n  \u001b[33mstroke-linejoin\u001b[39m=\u001b[32m\"round\"\u001b[39m\n  \u001b[33mstroke-width\u001b[39m=\u001b[32m\"2\"\u001b[39m\n  \u001b[33mviewBox\u001b[39m=\u001b[32m\"0 0 24 24\"\u001b[39m\n  \u001b[33mwidth\u001b[39m=\u001b[32m\"24\"\u001b[39m\n  \u001b[33mxmlns\u001b[39m=\u001b[32m\"http://www.w3.org/2000/svg\"\u001b[39m\n\u001b[36m>\u001b[39m\n  \u001b[36m<path\u001b[39m\n    \u001b[33md\u001b[39m=\u001b[32m\"m21.73 18-8-14a2 2 0 0 0-3.48 0l-8 14A2 2 0 0 0 4 21h16a2 2 0 0 0 1.73-3\"\u001b[39m\n  \u001b[36m/>\u001b[39m\n  \u001b[36m<path\u001b[39m\n    \u001b[33md\u001b[39m=\u001b[32m\"M12 9v4\"\u001b[39m\n  \u001b[36m/>\u001b[39m\n  \u001b[36m<path\u001b[39m\n    \u001b[33md\u001b[39m=\u001b[32m\"M12 17h.01\"\u001b[39m\n  \u001b[36m/>\u001b[39m\n\u001b[36m</svg>\u001b[39m\n\n(If this is intentional, then use the `*AllBy*` variant of the query (like `queryAllByText`, `getAllByText`, or `findAllByText`)).\n\nIgnored nodes: comments, script, style\n\u001b[36m<body>\u001b[39m\n  \u001b[36m<div>\u001b[39m\n    \u001b[36m<div\u001b[39m\n      \u001b[33mclass\u001b[39m=\u001b[32m\"min-h-screen\"\u001b[39m\n    \u001b[36m>\u001b[39m\n      \u001b[36m<section\u001b[39m\n        \u001b[33mclass\u001b[39m=\u001b[32m\"relative h-[100px] overflow-hidden\"\u001b[39m\n      \u001b[36m>\u001b[39m\n        \u001b[36m<div\u001b[39m\n          \u001b[33mclass\u001b[39m=\u001b[32m\"absolute inset-0 bg-pink-700 flex items-center justify-center\"\u001b[39m\n        \u001b[36m>\u001b[39m\n          \u001b[36m<div\u001b[39m\n            \u001b[33mclass\u001b[39m=\u001b[32m\"text-center text-white px-4 max-w-4xl\"\u001b[39m\n          \u001b[36m>\u001b[39m\n            \u001b[36m<h1\u001b[39m\n              \u001b[33mclass\u001b[39m=\u001b[32m\"text-5xl mb-4\"\u001b[39m\n            \u001b[36m>\u001b[39m\n              \u001b[0mAdmin Dashboard\u001b[0m\n            \u001b[36m</h1>\u001b[39m\n          \u001b[36m</div>\u001b[39m\n        \u001b[36m</div>\u001b[39m\n      \u001b[36m</section>\u001b[39m\n      \u001b[36m<section\u001b[39m\n        \u001b[33mclass\u001b[39m=\u001b[32m\"py-16\"\u001b[39m\n      \u001b[36m>\u001b[39m\n        \u001b[36m<div\u001b[39m\n          \u001b[33mclass\u001b[39m=\u001b[32m\"max-w-7xl mx-auto px-4 sm:px-6 lg:px-8\"\u001b[39m\n        \u001b[36m>\u001b[39m\n          \u001b[36m<h2\u001b[39m\n            \u001b[33mclass\u001b[39m=\u001b[32m\"text-3xl text-gray-900 mb-6\"\u001b[39m\n          \u001b[36m>\u001b[39m\n            \u001b[0mPending Users\u001b[0m\n          \u001b[36m</h2>\u001b[39m\n          \u001b[36m<div\u001b[39m\n            \u001b[33mclass\u001b[39m=\u001b[32m\"overflow-x-auto rounded-lg border border-gray-200 bg-white\"\u001b[39m\n          \u001b[36m>\u001b[39m\n            \u001b[36m<table\u001b[39m\n              \u001b[33mclass\u001b[39m=\u001b[32m\"min-w-full divide-y divide-gray-200\"\u001b[39m\n            \u001b[36m>\u001b[39m\n              \u001b[36m<thead\u001b[39m\n                \u001b[33mclass\u001b[39m=\u001b[32m\"bg-gray-50\"\u001b[39m\n              \u001b[36m>\u001b[39m\n                \u001b[36m<tr>\u001b[39m\n                  \u001b[36m<th\u001b[39m\n                    \u001b[33mclass\u001b[39m=\u001b[32m\"px-6 py-3 text-left text-sm font-semibold text-gray-700\"\u001b[39m\n                  \u001b[36m>\u001b[39m\n                    \u001b[0mFirst Name\u001b[0m\n                  \u001b[36m</th>\u001b[39m\n                  \u001b[36m<th\u001b[39m\n                    \u001b[33mclass\u001b[39m=\u001b[32m\"px-6 py-3 text-left text-sm font-semibold text-gray-700\"\u001b[39m\n                  \u001b[36m>\u001b[39m\n                    \u001b[0mLast Name\u001b[0m\n                  \u001b[36m</th>\u001b[39m\n                  \u001b[36m<th\u001b[39m\n                    \u001b[33mclass\u001b[39m=\u001b[32m\"px-6 py-3 text-left text-sm font-semibold text-gray-700\"\u001b[39m\n                  \u001b[36m>\u001b[39m\n                    \u001b[0mAccount Type\u001b[0m\n                  \u001b[36m</th>\u001b[39m\n                  \u001b[36m<th\u001b[39m\n                    \u001b[33mclass\u001b[39m=\u001b[32m\"px-6 py-3 text-left text-sm font-semibold text-gray-700\"\u001b[39m\n                  \u001b[36m>\u001b[39m\n                    \u001b[0mEvent Attended\u001b[0m\n                  \u001b[36m</th>\u001b[39m\n                  \u001b[36m<th\u001b[39m\n                    \u001b[33mclass\u001b[39m=\u001b[32m\"px-6 py-3 text-left text-sm font-semibold text-gray-700\"\u001b[39m\n                  \u001b[36m>\u001b[39m\n                    \u001b[0mPending Since\u001b[0m\n                  \u001b[36m</th>\u001b[39m\n                  \u001b[36m<th\u001b[39m\n                    \u001b[33mclass\u001b[39m=\u001b[32m\"px-6 py-3 text-left text-sm font-semibold text-gray-700\"\u001b[39m\n                  \u001b[36m/>\u001b[39m\n                \u001b[36m</tr>\u001b[39m\n              \u001b[36m</thead>\u001b[39m\n              \u001b[36m<tbody\u001b[39m\n                \u001b[33mclass\u001b[39m=\u001b[32m\"divide-y divide-gray-200\"\u001b[39m\n              \u001b[36m>\u001b[39m\n                \u001b[36m<tr\u001b[39m\n                  \u001b[33mclass\u001b[39m=\u001b[32m\"bg-red-200 hover:bg-red-300\"\u001b[39m\n                \u001b[36m>\u001b[39m\n                  \u001b[36m<td\u001b[39m\n                    \u001b[33mclass\u001b[39m=\u001b[32m\"px-6 py-4 text-sm text-gray-700\"\u001b[39m\n                  \u001b[36m>\u001b[39m\n                    \u001b[0mJohn\u001b[0m\n                  \u001b[36m</td>\u001b[39m\n                  \u001b[36m<td\u001b[39m\n                    \u001b[33mclass\u001b[39m=\u001b[32m\"px-6 py-4 text-sm text-gray-700\"\u001b[39m\n                  \u001b[36m>\u001b[39m\n                    \u001b[0mSmith\u001b[0m\n                  \u001b[36m</td>\u001b[39m\n                  \u001b[36m<td\u001b[39m\n                    \u001b[33mclass\u001b[39m=\u001b[32m\"px-6 py-4 text-sm text-gray-700\"\u001b[39m\n                  \u001b[36m>\u001b[39m\n                    \u001b[0mStudent\u001b[0m\n                  \u001b[36m</td>\u001b[39m\n                  \u001b[36m<td\u001b[39m\n                    \u001b[33mclass\u001b[39m=\u001b[32m\"px-6 py-4 text-sm text-gray-700\"\u001b[39m\n                  \u001b[36m/>\u001b[39m\n                  \u001b[36m<td\u001b[39m\n                    \u001b[33mclass\u001b[39m=\u001b[32m\"px-6 py-4 text-sm text-gray-700\"\u001b[39m\n                  \u001b[36m>\u001b[39m\n                    \u001b[36m<div\u001b[39m\n                      \u001b[33mclass\u001b[39m=\u001b[32m\"flex items-center gap-2\"\u001b[39m\n                    \u001b[36m>\u001b[39m\n                      \u001b[36m<span>\u001b[39m\n                        \u001b[0m04/01/2026\u001b[0m\n                      \u001b[36m</span>\u001b[39m\n                      \u001b[36m<svg\u001b[39m\n                        \u001b[33maria-label\u001b[39m=\u001b[32m\"Account pending for more than 14 days\"\u001b[39m\n                        \u001b[33mclass\u001b[39m=\u001b[32m\"lucide lucide-triangle-alert h-4 w-4 text-red-600\"\u001b[39m\n                        \u001b[33mfill\u001b[39m=\u001b[32m\"none\"\u001b[39m\n                        \u001b[33mheight\u001b[39m=\u001b[32m\"24\"\u001b[39m\n                        \u001b[33mstroke\u001b[39m=\u001b[32m\"currentColor\"\u001b[39m\n                        \u001b[33mstroke-linecap\u001b[39m=\u001b[32m\"round\"\u001b[39m\n                        \u001b[33mstroke-linejoin\u001b[39m=\u001b[32m\"round\"\u001b[39m\n                        \u001b[33mstroke-width\u001b[39m=\u001b[32m\"2\"\u001b[39m\n                        \u001b[33mviewBox\u001b[39m=\u001b[32m\"0 0 24 24\"\u001b[39m\n                        \u001b[33mwidth\u001b[39m=\u001b[32m\"24\"\u001b[39m\n                        \u001b[33mxmlns\u001b[39m=\u001b[32m\"http://www.w3.org/2000/svg\"\u001b[39m\n                      \u001b[36m>\u001b[39m\n                        \u001b[36m<path\u001b[39m\n                          \u001b[33md\u001b[39m=\u001b[32m\"m21.73 18-8-14a2 2 0 0 0-3.48 0l-8 14A2 2 0 0 0 4 21h16a2 2 0 0 0 1.73-3\"\u001b[39m\n                        \u001b[36m/>\u001b[39m\n                        \u001b[36m<path\u001b[39m\n                          \u001b[33md\u001b[39m=\u001b[32m\"M12 9v4\"\u001b[39m\n                        \u001b[36m/>\u001b[39m\n                        \u001b[36m<path\u001b[39m\n                          \u001b[33md\u001b[39m=\u001b[32m\"M12 17h.01\"\u001b[39m\n                        \u001b[36m/>\u001b[39m\n                      \u001b[36m</svg>\u001b[39m\n                    \u001b[36m</div>\u001b[39m\n                  \u001b[36m</td>\u001b[39m\n                  \u001b[36m<td\u001b[39m\n                    \u001b[33mclass\u001b[39m=\u001b[32m\"px-6 py-4 text-sm text-gray-700\"\u001b[39m\n                  \u001b[36m>\u001b[39m\n                    \u001b[36m<div\u001b[39m\n                      \u001b[33mclass\u001b[39m=\u001b[32m\"flex items-center gap-3 whitespace-nowrap\"\u001b[39m\n                    \u001b[36m>\u001b[39m\n                      \u001b[36m<button\u001b[39m\n                        \u001b[33maria-label\u001b[39m=\u001b[32m\"Activate John Smith\"\u001b[39m\n                        \u001b[33mclass\u001b[39m=\u001b[32m\"inline-flex items-center gap-2 rounded-md bg-green-50 px-3 py-1 text-sm font-semibold text-green-700 transition hover:bg-green-100\"\u001b[39m\n                        \u001b[33mdata-slot\u001b[39m=\u001b[32m\"tooltip-trigger\"\u001b[39m\n                        \u001b[33mdata-state\u001b[39m=\u001b[32m\"closed\"\u001b[39m\n                        \u001b[33mtype\u001b[39m=\u001b[32m\"button\"\u001b[39m\n                      \u001b[36m>\u001b[39m\n                        \u001b[36m<svg\u001b[39m\n                          \u001b[33mclass\u001b[39m=\u001b[32m\"lucide lucide-user-check h-4 w-4\"\u001b[39m\n                          \u001b[33mfill\u001b[39m=\u001b[32m\"none\"\u001b[39m\n                          \u001b[33mheight\u001b[39m=\u001b[32m\"24\"\u001b[39m\n                          \u001b[33mstroke\u001b[39m=\u001b[32m\"currentColor\"\u001b[39m\n                 ...\n    at waitForWrapper (/Users/brigiddonaghy/Desktop/DIVAS-in-Tech/node_modules/@testing-library/dom/dist/wait-for.js:163:27)\n    at /Users/brigiddonaghy/Desktop/DIVAS-in-Tech/node_modules/@testing-library/dom/dist/query-helpers.js:86:33\n    at /Users/brigiddonaghy/Desktop/DIVAS-in-Tech/src/__tests__/admindash.test.js:437:20\n    at file:///Users/brigiddonaghy/Desktop/DIVAS-in-Tech/node_modules/@vitest/runner/dist/chunk-artifact.js:302:11\n    at file:///Users/brigiddonaghy/Desktop/DIVAS-in-Tech/node_modules/@vitest/runner/dist/chunk-artifact.js:1903:26\n    at file:///Users/brigiddonaghy/Desktop/DIVAS-in-Tech/node_modules/@vitest/runner/dist/chunk-artifact.js:2326:20\n    at new Promise (<anonymous>)\n    at runWithCancel (file:///Users/brigiddonaghy/Desktop/DIVAS-in-Tech/node_modules/@vitest/runner/dist/chunk-artifact.js:2323:10)\n    at file:///Users/brigiddonaghy/Desktop/DIVAS-in-Tech/node_modules/@vitest/runner/dist/chunk-artifact.js:2305:20\n    at new Promise (<anonymous>)"],"meta":{},"tags":[]},{"ancestorTitles":["AdminDashboard"],"fullName":"AdminDashboard successfully searches for a user","status":"passed","title":"successfully searches for a user","duration":83.219333,"failureMessages":[],"meta":{},"tags":[]},{"ancestorTitles":["AdminDashboard"],"fullName":"AdminDashboard successfully searches for a user with a duplicate name but different email","status":"passed","title":"successfully searches for a user with a duplicate name but different email","duration":78.52975000000015,"failureMessages":[],"meta":{},"tags":[]},{"ancestorTitles":["AdminDashboard"],"fullName":"AdminDashboard unsuccessfully searches for a user","status":"passed","title":"unsuccessfully searches for a user","duration":57.366541999999754,"failureMessages":[],"meta":{},"tags":[]},{"ancestorTitles":["AdminDashboard"],"fullName":"AdminDashboard opens an accept confirmation dialog and closes it with cancel","status":"passed","title":"opens an accept confirmation dialog and closes it with cancel","duration":144.79716700000017,"failureMessages":[],"meta":{},"tags":[]},{"ancestorTitles":["AdminDashboard"],"fullName":"AdminDashboard opens a reject confirmation dialog and closes it with the top corner x","status":"passed","title":"opens a reject confirmation dialog and closes it with the top corner x","duration":127.62983299999996,"failureMessages":[],"meta":{},"tags":[]},{"ancestorTitles":["AdminDashboard"],"fullName":"AdminDashboard opens a promote confirmation without a code field","status":"passed","title":"opens a promote confirmation without a code field","duration":178.7729589999999,"failureMessages":[],"meta":{},"tags":[]},{"ancestorTitles":["AdminDashboard"],"fullName":"AdminDashboard opens a delete confirmation without a code field","status":"passed","title":"opens a delete confirmation without a code field","duration":155.7849580000002,"failureMessages":[],"meta":{},"tags":[]},{"ancestorTitles":["AdminDashboard"],"fullName":"AdminDashboard shows multi-day controls and requires a future until date","status":"passed","title":"shows multi-day controls and requires a future until date","duration":120.97158300000001,"failureMessages":[],"meta":{},"tags":[]},{"ancestorTitles":["AdminDashboard"],"fullName":"AdminDashboard creates a multi-day event on the start date and matching repeat days through the inclusive end date","status":"failed","title":"creates a multi-day event on the start date and matching repeat days through the inclusive end date","duration":5004.267,"failureMessages":["Error: STACK_TRACE_ERROR\n    at task (file:///Users/brigiddonaghy/Desktop/DIVAS-in-Tech/node_modules/@vitest/runner/dist/chunk-artifact.js:1784:27)\n    at Object.<anonymous> (file:///Users/brigiddonaghy/Desktop/DIVAS-in-Tech/node_modules/@vitest/runner/dist/chunk-artifact.js:1817:16)\n    at Object.<anonymous> (file:///Users/brigiddonaghy/Desktop/DIVAS-in-Tech/node_modules/@vitest/runner/dist/chunk-artifact.js:1563:28)\n    at chain (file:///Users/brigiddonaghy/Desktop/DIVAS-in-Tech/node_modules/@vitest/runner/dist/chunk-artifact.js:599:14)\n    at /Users/brigiddonaghy/Desktop/DIVAS-in-Tech/src/__tests__/admindash.test.js:645:7\n    at file:///Users/brigiddonaghy/Desktop/DIVAS-in-Tech/node_modules/@vitest/runner/dist/chunk-artifact.js:1889:40\n    at runWithSuite (file:///Users/brigiddonaghy/Desktop/DIVAS-in-Tech/node_modules/@vitest/runner/dist/chunk-artifact.js:2258:8)\n    at Object.collect (file:///Users/brigiddonaghy/Desktop/DIVAS-in-Tech/node_modules/@vitest/runner/dist/chunk-artifact.js:1889:10)\n    at Object.collect (file:///Users/brigiddonaghy/Desktop/DIVAS-in-Tech/node_modules/@vitest/runner/dist/chunk-artifact.js:1893:54)\n    at processTicksAndRejections (node:internal/process/task_queues:103:5)"],"meta":{},"tags":[]},{"ancestorTitles":["AdminDashboard"],"fullName":"AdminDashboard cancels a scheduled event from the selected date","status":"failed","title":"cancels a scheduled event from the selected date","duration":5007.011124999999,"failureMessages":["Error: STACK_TRACE_ERROR\n    at task (file:///Users/brigiddonaghy/Desktop/DIVAS-in-Tech/node_modules/@vitest/runner/dist/chunk-artifact.js:1784:27)\n    at Object.<anonymous> (file:///Users/brigiddonaghy/Desktop/DIVAS-in-Tech/node_modules/@vitest/runner/dist/chunk-artifact.js:1817:16)\n    at Object.<anonymous> (file:///Users/brigiddonaghy/Desktop/DIVAS-in-Tech/node_modules/@vitest/runner/dist/chunk-artifact.js:1563:28)\n    at chain (file:///Users/brigiddonaghy/Desktop/DIVAS-in-Tech/node_modules/@vitest/runner/dist/chunk-artifact.js:599:14)\n    at /Users/brigiddonaghy/Desktop/DIVAS-in-Tech/src/__tests__/admindash.test.js:708:7\n    at file:///Users/brigiddonaghy/Desktop/DIVAS-in-Tech/node_modules/@vitest/runner/dist/chunk-artifact.js:1889:40\n    at runWithSuite (file:///Users/brigiddonaghy/Desktop/DIVAS-in-Tech/node_modules/@vitest/runner/dist/chunk-artifact.js:2258:8)\n    at Object.collect (file:///Users/brigiddonaghy/Desktop/DIVAS-in-Tech/node_modules/@vitest/runner/dist/chunk-artifact.js:1889:10)\n    at Object.collect (file:///Users/brigiddonaghy/Desktop/DIVAS-in-Tech/node_modules/@vitest/runner/dist/chunk-artifact.js:1893:54)\n    at processTicksAndRejections (node:internal/process/task_queues:103:5)"],"meta":{},"tags":[]},{"ancestorTitles":["AdminDashboard"],"fullName":"AdminDashboard searches for a mentor and displays matching mentor details","status":"passed","title":"searches for a mentor and displays matching mentor details","duration":78.56254099999933,"failureMessages":[],"meta":{},"tags":[]},{"ancestorTitles":["AdminDashboard"],"fullName":"AdminDashboard removes a mentor after confirmation","status":"passed","title":"removes a mentor after confirmation","duration":132.0482090000005,"failureMessages":[],"meta":{},"tags":[]},{"ancestorTitles":["AdminDashboard"],"fullName":"AdminDashboard opens a no-code confirmation and adds a mentor when confirmed","status":"passed","title":"opens a no-code confirmation and adds a mentor when confirmed","duration":350.81354199999987,"failureMessages":[],"meta":{},"tags":[]},{"ancestorTitles":["AdminDashboard"],"fullName":"AdminDashboard disables adding a mentor when the bio exceeds 200 words","status":"passed","title":"disables adding a mentor when the bio exceeds 200 words","duration":157.73691599999984,"failureMessages":[],"meta":{},"tags":[]}],"startTime":1777825113217,"endTime":1777825126161.7368,"status":"failed","message":"","name":"/Users/brigiddonaghy/Desktop/DIVAS-in-Tech/src/__tests__/admindash.test.js"}]}